<?xml version="1.0" encoding="UTF-8"?>
<testsuite name="suites.AllScenarios" time="8.885" tests="15" errors="0" skipped="0" failures="0">
  <properties>
    <property name="java.vendor" value="Oracle Corporation"/>
    <property name="osgi.bundles.defaultStartLevel" value="4"/>
    <property name="sun.java.launcher" value="SUN_STANDARD"/>
    <property name="org.osgi.supports.framework.extension" value="true"/>
    <property name="sun.management.compiler" value="HotSpot 64-Bit Tiered Compilers"/>
    <property name="os.name" value="Linux"/>
    <property name="sun.boot.class.path" value="/usr/lib/jvm/java-7-oracle/jre/lib/resources.jar:/usr/lib/jvm/java-7-oracle/jre/lib/rt.jar:/usr/lib/jvm/java-7-oracle/jre/lib/sunrsasign.jar:/usr/lib/jvm/java-7-oracle/jre/lib/jsse.jar:/usr/lib/jvm/java-7-oracle/jre/lib/jce.jar:/usr/lib/jvm/java-7-oracle/jre/lib/charsets.jar:/usr/lib/jvm/java-7-oracle/jre/lib/jfr.jar:/usr/lib/jvm/java-7-oracle/jre/classes"/>
    <property name="osgi.ws" value="gtk"/>
    <property name="java.vm.specification.vendor" value="Oracle Corporation"/>
    <property name="java.runtime.version" value="1.7.0_76-b13"/>
    <property name="osgi.instance.area" value="file:/home/travis/build/eli-jordan/code2code/code2code.ui.tests/target/work/data/"/>
    <property name="org.osgi.framework.uuid" value="801245e7-cc5a-0015-12a9-c4a09a0f5ca0"/>
    <property name="osgi.noShutdown" value="false"/>
    <property name="user.name" value="travis"/>
    <property name="org.osgi.framework.system.packages" value="javax.accessibility,javax.activation,javax.activity,javax.annotation,javax.annotation.processing,javax.crypto,javax.crypto.interfaces,javax.crypto.spec,javax.imageio,javax.imageio.event,javax.imageio.metadata,javax.imageio.plugins.bmp,javax.imageio.plugins.jpeg,javax.imageio.spi,javax.imageio.stream,javax.jws,javax.jws.soap,javax.lang.model,javax.lang.model.element,javax.lang.model.type,javax.lang.model.util,javax.management,javax.management.loading,javax.management.modelmbean,javax.management.monitor,javax.management.openmbean,javax.management.relation,javax.management.remote,javax.management.remote.rmi,javax.management.timer,javax.naming,javax.naming.directory,javax.naming.event,javax.naming.ldap,javax.naming.spi,javax.net,javax.net.ssl,javax.print,javax.print.attribute,javax.print.attribute.standard,javax.print.event,javax.rmi,javax.rmi.CORBA,javax.rmi.ssl,javax.script,javax.security.auth,javax.security.auth.callback,javax.security.auth.kerberos,javax.security.auth.login,javax.security.auth.spi,javax.security.auth.x500,javax.security.cert,javax.security.sasl,javax.sound.midi,javax.sound.midi.spi,javax.sound.sampled,javax.sound.sampled.spi,javax.sql,javax.sql.rowset,javax.sql.rowset.serial,javax.sql.rowset.spi,javax.swing,javax.swing.border,javax.swing.colorchooser,javax.swing.event,javax.swing.filechooser,javax.swing.plaf,javax.swing.plaf.basic,javax.swing.plaf.metal,javax.swing.plaf.multi,javax.swing.plaf.nimbus,javax.swing.plaf.synth,javax.swing.table,javax.swing.text,javax.swing.text.html,javax.swing.text.html.parser,javax.swing.text.rtf,javax.swing.tree,javax.swing.undo,javax.tools,javax.transaction,javax.transaction.xa,javax.xml,javax.xml.bind,javax.xml.bind.annotation,javax.xml.bind.annotation.adapters,javax.xml.bind.attachment,javax.xml.bind.helpers,javax.xml.bind.util,javax.xml.crypto,javax.xml.crypto.dom,javax.xml.crypto.dsig,javax.xml.crypto.dsig.dom,javax.xml.crypto.dsig.keyinfo,javax.xml.crypto.dsig.spec,javax.xml.datatype,javax.xml.namespace,javax.xml.parsers,javax.xml.soap,javax.xml.stream,javax.xml.stream.events,javax.xml.stream.util,javax.xml.transform,javax.xml.transform.dom,javax.xml.transform.sax,javax.xml.transform.stax,javax.xml.transform.stream,javax.xml.validation,javax.xml.ws,javax.xml.ws.handler,javax.xml.ws.handler.soap,javax.xml.ws.http,javax.xml.ws.soap,javax.xml.ws.spi,javax.xml.ws.spi.http,javax.xml.ws.wsaddressing,javax.xml.xpath,org.ietf.jgss,org.omg.CORBA,org.omg.CORBA_2_3,org.omg.CORBA_2_3.portable,org.omg.CORBA.DynAnyPackage,org.omg.CORBA.ORBPackage,org.omg.CORBA.portable,org.omg.CORBA.TypeCodePackage,org.omg.CosNaming,org.omg.CosNaming.NamingContextExtPackage,org.omg.CosNaming.NamingContextPackage,org.omg.Dynamic,org.omg.DynamicAny,org.omg.DynamicAny.DynAnyFactoryPackage,org.omg.DynamicAny.DynAnyPackage,org.omg.IOP,org.omg.IOP.CodecFactoryPackage,org.omg.IOP.CodecPackage,org.omg.Messaging,org.omg.PortableInterceptor,org.omg.PortableInterceptor.ORBInitInfoPackage,org.omg.PortableServer,org.omg.PortableServer.CurrentPackage,org.omg.PortableServer.POAManagerPackage,org.omg.PortableServer.POAPackage,org.omg.PortableServer.portable,org.omg.PortableServer.ServantLocatorPackage,org.omg.SendingContext,org.omg.stub.java.rmi,org.w3c.dom,org.w3c.dom.bootstrap,org.w3c.dom.css,org.w3c.dom.events,org.w3c.dom.html,org.w3c.dom.ls,org.w3c.dom.ranges,org.w3c.dom.stylesheets,org.w3c.dom.traversal,org.w3c.dom.views,org.w3c.dom.xpath,org.xml.sax,org.xml.sax.ext,org.xml.sax.helpers"/>
    <property name="equinox.use.ds" value="true"/>
    <property name="org.osgi.framework.language" value="en"/>
    <property name="user.language" value="en"/>
    <property name="org.osgi.framework.processor" value="x86-64"/>
    <property name="osgi.syspath" value="/home/travis/.m2/repository/p2/osgi/bundle/org.eclipse.osgi/3.9.1.v20140110-1610"/>
    <property name="sun.boot.library.path" value="/usr/lib/jvm/java-7-oracle/jre/lib/amd64"/>
    <property name="osgi.manifest.cache" value="/home/travis/build/eli-jordan/code2code/code2code.ui.tests/target/work/configuration/org.eclipse.osgi/manifests"/>
    <property name="org.osgi.framework.system.capabilities" value="osgi.ee; osgi.ee=&quot;OSGi/Minimum&quot;; version:List&lt;Version&gt;=&quot;1.0, 1.1, 1.2&quot;,osgi.ee; osgi.ee=&quot;JRE&quot;; version:List&lt;Version&gt;=&quot;1.0, 1.1&quot;,osgi.ee; osgi.ee=&quot;JavaSE&quot;; version:List&lt;Version&gt;=&quot;1.0, 1.1, 1.2, 1.3, 1.4, 1.5, 1.6, 1.7&quot;"/>
    <property name="org.eclipse.swtbot.search.timeout" value="30000"/>
    <property name="java.version" value="1.7.0_76"/>
    <property name="org.osgi.framework.os.name" value="Linux"/>
    <property name="user.timezone" value="Etc/UTC"/>
    <property name="sun.arch.data.model" value="64"/>
    <property name="osgi.bundles" value="reference:file:/home/travis/build/eli-jordan/code2code/code2code/target/code2code-0.9.2-SNAPSHOT.jar,reference:file:/home/travis/.m2/repository/p2/osgi/bundle/org.eclipse.core.resources/3.8.101.v20130717-0806/org.eclipse.core.resources-3.8.101.v20130717-0806.jar,reference:file:/home/travis/.m2/repository/p2/osgi/bundle/org.eclipse.core.runtime/3.9.100.v20131218-1515/org.eclipse.core.runtime-3.9.100.v20131218-1515.jar@4:start,reference:file:/home/travis/.m2/repository/p2/osgi/bundle/org.eclipse.ui.ide/3.9.2.v20131004-0923/org.eclipse.ui.ide-3.9.2.v20131004-0923.jar,reference:file:/home/travis/.m2/repository/p2/osgi/bundle/org.eclipse.compare/3.5.401.v20130709-1308/org.eclipse.compare-3.5.401.v20130709-1308.jar,reference:file:/home/travis/.m2/repository/p2/osgi/bundle/org.eclipse.jface.text/3.8.101.v20130802-1147/org.eclipse.jface.text-3.8.101.v20130802-1147.jar,reference:file:/home/travis/.m2/repository/p2/osgi/bundle/org.eclipse.ui.console/3.5.200.v20130514-0954/org.eclipse.ui.console-3.5.200.v20130514-0954.jar,reference:file:/home/travis/.m2/repository/p2/osgi/bundle/org.eclipse.core.filesystem/1.4.0.v20130514-1240/org.eclipse.core.filesystem-1.4.0.v20130514-1240.jar,reference:file:/home/travis/.m2/repository/p2/osgi/bundle/org.eclipse.ui/3.105.0.v20130522-1122/org.eclipse.ui-3.105.0.v20130522-1122.jar,reference:file:/home/travis/build/eli-jordan/code2code/code2code.ui.tests,reference:file:/home/travis/.m2/repository/p2/osgi/bundle/org.apache.log4j/1.2.15.v201012070815/org.apache.log4j-1.2.15.v201012070815.jar,reference:file:/home/travis/.m2/repository/p2/osgi/bundle/org.eclipse.jdt.core/3.9.2.v20140114-1555/org.eclipse.jdt.core-3.9.2.v20140114-1555.jar,reference:file:/home/travis/.m2/repository/p2/osgi/bundle/org.eclipse.jdt.launching/3.7.1.v20131218-1102/org.eclipse.jdt.launching-3.7.1.v20131218-1102.jar,reference:file:/home/travis/.m2/repository/p2/osgi/bundle/org.eclipse.jface/3.9.1.v20130725-1141/org.eclipse.jface-3.9.1.v20130725-1141.jar,reference:file:/home/travis/.m2/repository/p2/osgi/bundle/org.eclipse.swtbot.eclipse.finder/2.3.0.201506081302/org.eclipse.swtbot.eclipse.finder-2.3.0.201506081302.jar,reference:file:/home/travis/.m2/repository/p2/osgi/bundle/org.eclipse.swtbot.swt.finder/2.3.0.201506081302/org.eclipse.swtbot.swt.finder-2.3.0.201506081302.jar,reference:file:/home/travis/.m2/repository/p2/osgi/bundle/org.eclipse.swtbot.eclipse.core/2.3.0.201506081302/org.eclipse.swtbot.eclipse.core-2.3.0.201506081302.jar,reference:file:/home/travis/.m2/repository/p2/osgi/bundle/org.junit/4.11.0.v201303080030/org.junit-4.11.0.v201303080030.jar,reference:file:/home/travis/.m2/repository/p2/osgi/bundle/org.eclipse.swtbot.junit4_x/2.3.0.201506081302/org.eclipse.swtbot.junit4_x-2.3.0.201506081302.jar,reference:file:/home/travis/.m2/repository/p2/osgi/bundle/org.hamcrest.library/1.3.0.v201305281000/org.hamcrest.library-1.3.0.v201305281000.jar,reference:file:/home/travis/.m2/repository/p2/osgi/bundle/com.jcraft.jsch/0.1.50.v201310081430/com.jcraft.jsch-0.1.50.v201310081430.jar,reference:file:/home/travis/.m2/repository/p2/osgi/bundle/com.sun.el/2.2.0.v201303151357/com.sun.el-2.2.0.v201303151357.jar,reference:file:/home/travis/.m2/repository/p2/osgi/bundle/javax.el/2.2.0.v201303151357/javax.el-2.2.0.v201303151357.jar,reference:file:/home/travis/.m2/repository/p2/osgi/bundle/javax.servlet/3.0.0.v201112011016/javax.servlet-3.0.0.v201112011016.jar,reference:file:/home/travis/.m2/repository/p2/osgi/bundle/javax.annotation/1.1.0.v201209060031/javax.annotation-1.1.0.v201209060031.jar,reference:file:/home/travis/.m2/repository/p2/osgi/bundle/javax.servlet.jsp/2.2.0.v201112011158/javax.servlet.jsp-2.2.0.v201112011158.jar,reference:file:/home/travis/.m2/repository/p2/osgi/bundle/javax.xml/1.3.4.v201005080400/javax.xml-1.3.4.v201005080400.jar,reference:file:/home/travis/.m2/repository/p2/osgi/bundle/org.apache.ant/1.8.4.v201303080030/org.apache.ant-1.8.4.v201303080030.jar,reference:file:/home/travis/.m2/repository/p2/osgi/bundle/org.apache.batik.css/1.6.0.v201011041432/org.apache.batik.css-1.6.0.v201011041432.jar,reference:file:/home/travis/.m2/repository/p2/osgi/bundle/org.apache.batik.util/1.6.0.v201011041432/org.apache.batik.util-1.6.0.v201011041432.jar,reference:file:/home/travis/.m2/repository/p2/osgi/bundle/org.w3c.css.sac/1.3.1.v200903091627/org.w3c.css.sac-1.3.1.v200903091627.jar,reference:file:/home/travis/.m2/repository/p2/osgi/bundle/org.w3c.dom.svg/1.1.0.v201011041433/org.w3c.dom.svg-1.1.0.v201011041433.jar,reference:file:/home/travis/.m2/repository/p2/osgi/bundle/org.apache.batik.util.gui/1.6.0.v201011041432/org.apache.batik.util.gui-1.6.0.v201011041432.jar,reference:file:/home/travis/.m2/repository/p2/osgi/bundle/org.apache.commons.codec/1.4.0.v201209201156/org.apache.commons.codec-1.4.0.v201209201156.jar,reference:file:/home/travis/.m2/repository/p2/osgi/bundle/org.apache.felix.gogo.command/0.10.0.v201209301215/org.apache.felix.gogo.command-0.10.0.v201209301215.jar,reference:file:/home/travis/.m2/repository/p2/osgi/bundle/org.apache.felix.gogo.runtime/0.10.0.v201209301036/org.apache.felix.gogo.runtime-0.10.0.v201209301036.jar,reference:file:/home/travis/.m2/repository/p2/osgi/bundle/org.eclipse.osgi.services/3.3.100.v20130513-1956/org.eclipse.osgi.services-3.3.100.v20130513-1956.jar,reference:file:/home/travis/.m2/repository/p2/osgi/bundle/org.apache.felix.gogo.shell/0.10.0.v201212101605/org.apache.felix.gogo.shell-0.10.0.v201212101605.jar,reference:file:/home/travis/.m2/repository/p2/osgi/bundle/org.apache.httpcomponents.httpclient/4.1.3.v201209201135/org.apache.httpcomponents.httpclient-4.1.3.v201209201135.jar,reference:file:/home/travis/.m2/repository/p2/osgi/bundle/org.apache.commons.logging/1.1.1.v201101211721/org.apache.commons.logging-1.1.1.v201101211721.jar,reference:file:/home/travis/.m2/repository/p2/osgi/bundle/org.apache.httpcomponents.httpcore/4.1.4.v201203221030/org.apache.httpcomponents.httpcore-4.1.4.v201203221030.jar,reference:file:/home/travis/.m2/repository/p2/osgi/bundle/org.apache.jasper.glassfish/2.2.2.v201205150955/org.apache.jasper.glassfish-2.2.2.v201205150955.jar,reference:file:/home/travis/.m2/repository/p2/osgi/bundle/org.apache.lucene.analysis/3.5.0.v20120725-1805/org.apache.lucene.analysis-3.5.0.v20120725-1805.jar,reference:file:/home/travis/.m2/repository/p2/osgi/bundle/org.apache.lucene.core/3.5.0.v20120725-1805/org.apache.lucene.core-3.5.0.v20120725-1805.jar,reference:file:/home/travis/.m2/repository/p2/osgi/bundle/org.eclipse.core.variables/3.2.700.v20130402-1741/org.eclipse.core.variables-3.2.700.v20130402-1741.jar,reference:file:/home/travis/.m2/repository/p2/osgi/bundle/org.eclipse.ant.core/3.2.500.v20140203-1328/org.eclipse.ant.core-3.2.500.v20140203-1328.jar,reference:file:/home/travis/.m2/repository/p2/osgi/bundle/org.eclipse.ui.views/3.6.100.v20130326-1250/org.eclipse.ui.views-3.6.100.v20130326-1250.jar,reference:file:/home/travis/.m2/repository/p2/osgi/bundle/org.eclipse.ui.workbench.texteditor/3.8.101.v20130729-1318/org.eclipse.ui.workbench.texteditor-3.8.101.v20130729-1318.jar,reference:file:/home/travis/.m2/repository/p2/osgi/bundle/org.eclipse.core.expressions/3.4.501.v20131118-1915/org.eclipse.core.expressions-3.4.501.v20131118-1915.jar,reference:file:/home/travis/.m2/repository/p2/osgi/bundle/org.eclipse.ui.editors/3.8.100.v20130513-1637/org.eclipse.ui.editors-3.8.100.v20130513-1637.jar,reference:file:/home/travis/.m2/repository/p2/osgi/bundle/org.eclipse.ui.forms/3.6.1.v20130822-1117/org.eclipse.ui.forms-3.6.1.v20130822-1117.jar,reference:file:/home/travis/.m2/repository/p2/osgi/bundle/org.eclipse.compare.core/3.5.300.v20130514-1224/org.eclipse.compare.core-3.5.300.v20130514-1224.jar,reference:file:/home/travis/.m2/repository/p2/osgi/bundle/com.ibm.icu/50.1.1.v201304230130/com.ibm.icu-50.1.1.v201304230130.jar,reference:file:/home/travis/.m2/repository/p2/osgi/bundle/org.eclipse.core.commands/3.6.100.v20130515-1857/org.eclipse.core.commands-3.6.100.v20130515-1857.jar,reference:file:/home/travis/.m2/repository/p2/osgi/bundle/org.eclipse.equinox.common/3.6.200.v20130402-1505/org.eclipse.equinox.common-3.6.200.v20130402-1505.jar@2:start,reference:file:/home/travis/.m2/repository/p2/osgi/bundle/org.eclipse.core.contenttype/3.4.200.v20130326-1255/org.eclipse.core.contenttype-3.4.200.v20130326-1255.jar,reference:file:/home/travis/.m2/repository/p2/osgi/bundle/org.eclipse.equinox.preferences/3.5.100.v20130422-1538/org.eclipse.equinox.preferences-3.5.100.v20130422-1538.jar,reference:file:/home/travis/.m2/repository/p2/osgi/bundle/org.eclipse.equinox.registry/3.5.301.v20130717-1549/org.eclipse.equinox.registry-3.5.301.v20130717-1549.jar,reference:file:/home/travis/.m2/repository/p2/osgi/bundle/org.eclipse.core.databinding/1.4.1.v20130515-1857/org.eclipse.core.databinding-1.4.1.v20130515-1857.jar,reference:file:/home/travis/.m2/repository/p2/osgi/bundle/org.eclipse.core.databinding.observable/1.4.1.v20130515-1857/org.eclipse.core.databinding.observable-1.4.1.v20130515-1857.jar,reference:file:/home/travis/.m2/repository/p2/osgi/bundle/org.eclipse.core.databinding.property/1.4.200.v20130515-1857/org.eclipse.core.databinding.property-1.4.200.v20130515-1857.jar,reference:file:/home/travis/.m2/repository/p2/osgi/bundle/org.eclipse.core.databinding.beans/1.2.200.v20130515-1857/org.eclipse.core.databinding.beans-1.2.200.v20130515-1857.jar,reference:file:/home/travis/.m2/repository/p2/osgi/bundle/org.eclipse.core.externaltools/1.0.200.v20130402-1741/org.eclipse.core.externaltools-1.0.200.v20130402-1741.jar,reference:file:/home/travis/.m2/repository/p2/osgi/bundle/org.eclipse.debug.core/3.8.0.v20130514-0954/org.eclipse.debug.core-3.8.0.v20130514-0954.jar,reference:file:/home/travis/.m2/repository/p2/osgi/bundle/org.eclipse.core.filebuffers/3.5.300.v20130225-1821/org.eclipse.core.filebuffers-3.5.300.v20130225-1821.jar,reference:file:/home/travis/.m2/repository/p2/osgi/bundle/org.eclipse.text/3.5.300.v20130515-1451/org.eclipse.text-3.5.300.v20130515-1451.jar,reference:file:/home/travis/.m2/repository/p2/osgi/bundle/org.eclipse.core.filesystem.linux.x86/1.4.100.v20130430-1334/org.eclipse.core.filesystem.linux.x86-1.4.100.v20130430-1334.jar,reference:file:/home/travis/.m2/repository/p2/osgi/bundle/org.eclipse.core.jobs/3.5.300.v20130429-1813/org.eclipse.core.jobs-3.5.300.v20130429-1813.jar,reference:file:/home/travis/.m2/repository/p2/osgi/bundle/org.eclipse.core.net/1.2.200.v20130430-1352/org.eclipse.core.net-1.2.200.v20130430-1352.jar,reference:file:/home/travis/.m2/repository/p2/osgi/bundle/org.eclipse.equinox.security/1.2.0.v20130424-1801/org.eclipse.equinox.security-1.2.0.v20130424-1801.jar,reference:file:/home/travis/.m2/repository/p2/osgi/bundle/org.eclipse.core.net.linux.x86/1.1.300.v20130430-1352/org.eclipse.core.net.linux.x86-1.1.300.v20130430-1352.jar,reference:file:/home/travis/.m2/repository/p2/osgi/bundle/org.eclipse.equinox.app/1.3.100.v20130327-1442/org.eclipse.equinox.app-1.3.100.v20130327-1442.jar,reference:file:/home/travis/.m2/repository/p2/osgi/bundle/org.eclipse.core.runtime.compatibility/3.2.200.v20130326-1255/org.eclipse.core.runtime.compatibility-3.2.200.v20130326-1255.jar,reference:file:/home/travis/.m2/repository/p2/osgi/bundle/org.eclipse.update.configurator/3.3.200.v20140203-1328/org.eclipse.update.configurator-3.3.200.v20140203-1328.jar@3:start,reference:file:/home/travis/build/eli-jordan/code2code/code2code.ui.tests/target/work/plugins/org.eclipse.core.runtime.compatibility.registry_3.5.200.v20130514-1256,reference:file:/home/travis/.m2/repository/p2/osgi/bundle/org.eclipse.debug.ui/3.9.0.v20130516-1713/org.eclipse.debug.ui-3.9.0.v20130516-1713.jar,reference:file:/home/travis/.m2/repository/p2/osgi/bundle/org.eclipse.help/3.6.0.v20130326-1254/org.eclipse.help-3.6.0.v20130326-1254.jar,reference:file:/home/travis/.m2/repository/p2/osgi/bundle/org.eclipse.e4.core.commands/0.10.2.v20130515-1857/org.eclipse.e4.core.commands-0.10.2.v20130515-1857.jar,reference:file:/home/travis/.m2/repository/p2/osgi/bundle/org.eclipse.e4.core.di/1.3.0.v20130514-1256/org.eclipse.e4.core.di-1.3.0.v20130514-1256.jar,reference:file:/home/travis/.m2/repository/p2/osgi/bundle/javax.inject/1.0.0.v20091030/javax.inject-1.0.0.v20091030.jar,reference:file:/home/travis/.m2/repository/p2/osgi/bundle/org.eclipse.e4.core.contexts/1.3.1.v20130905-0905/org.eclipse.e4.core.contexts-1.3.1.v20130905-0905.jar,reference:file:/home/travis/.m2/repository/p2/osgi/bundle/org.eclipse.e4.core.services/1.1.0.v20130515-1343/org.eclipse.e4.core.services-1.1.0.v20130515-1343.jar,reference:file:/home/travis/.m2/repository/p2/osgi/bundle/org.eclipse.e4.core.di.extensions/0.11.100.v20130514-1256/org.eclipse.e4.core.di.extensions-0.11.100.v20130514-1256.jar,reference:file:/home/travis/.m2/repository/p2/osgi/bundle/org.eclipse.e4.ui.css.core/0.10.100.v20130515-1857/org.eclipse.e4.ui.css.core-0.10.100.v20130515-1857.jar,reference:file:/home/travis/.m2/repository/p2/osgi/bundle/org.eclipse.e4.ui.css.swt/0.11.0.v20130515-1857/org.eclipse.e4.ui.css.swt-0.11.0.v20130515-1857.jar,reference:file:/home/travis/.m2/repository/p2/osgi/bundle/org.w3c.dom.smil/1.0.0.v200806040011/org.w3c.dom.smil-1.0.0.v200806040011.jar,reference:file:/home/travis/.m2/repository/p2/osgi/bundle/org.eclipse.e4.ui.css.swt.theme/0.9.100.v20130515-1857/org.eclipse.e4.ui.css.swt.theme-0.9.100.v20130515-1857.jar,reference:file:/home/travis/.m2/repository/p2/osgi/bundle/org.eclipse.e4.ui.di/1.0.0.v20130515-1857/org.eclipse.e4.ui.di-1.0.0.v20130515-1857.jar,reference:file:/home/travis/.m2/repository/p2/osgi/bundle/org.eclipse.e4.ui.widgets/1.0.0.v20130515-1857/org.eclipse.e4.ui.widgets-1.0.0.v20130515-1857.jar,reference:file:/home/travis/.m2/repository/p2/osgi/bundle/org.eclipse.equinox.event/1.3.0.v20130327-1442/org.eclipse.equinox.event-1.3.0.v20130327-1442.jar,reference:file:/home/travis/.m2/repository/p2/osgi/bundle/org.eclipse.equinox.launcher/1.3.0.v20130327-1440/org.eclipse.equinox.launcher-1.3.0.v20130327-1440.jar,reference:file:/home/travis/.m2/repository/p2/osgi/bundle/org.eclipse.equinox.simpleconfigurator/1.0.400.v20130327-2119/org.eclipse.equinox.simpleconfigurator-1.0.400.v20130327-2119.jar@1:start,reference:file:/home/travis/.m2/repository/p2/osgi/bundle/org.eclipse.equinox.util/1.0.500.v20130404-1337/org.eclipse.equinox.util-1.0.500.v20130404-1337.jar,reference:file:/home/travis/.m2/repository/p2/osgi/bundle/org.eclipse.jface.databinding/1.6.200.v20130515-1857/org.eclipse.jface.databinding-1.6.200.v20130515-1857.jar,reference:file:/home/travis/.m2/repository/p2/osgi/bundle/org.eclipse.e4.ui.workbench3/0.12.0.v20130515-1857/org.eclipse.e4.ui.workbench3-0.12.0.v20130515-1857.jar,reference:file:/home/travis/.m2/repository/p2/osgi/bundle/org.eclipse.equinox.console/1.0.100.v20130429-0953/org.eclipse.equinox.console-1.0.100.v20130429-0953.jar,reference:file:/home/travis/.m2/repository/p2/osgi/bundle/org.eclipse.equinox.bidi/0.10.0.v20130327-1442/org.eclipse.equinox.bidi-0.10.0.v20130327-1442.jar,reference:file:/home/travis/.m2/repository/p2/osgi/bundle/org.eclipse.equinox.ds/1.4.101.v20130813-1853/org.eclipse.equinox.ds-1.4.101.v20130813-1853.jar@1:start,reference:file:/home/travis/.m2/repository/p2/osgi/bundle/org.eclipse.e4.ui.workbench.swt/0.12.2.v20140117-1939/org.eclipse.e4.ui.workbench.swt-0.12.2.v20140117-1939.jar,reference:file:/home/travis/.m2/repository/p2/osgi/bundle/org.eclipse.e4.ui.bindings/0.10.102.v20140117-1939/org.eclipse.e4.ui.bindings-0.10.102.v20140117-1939.jar,reference:file:/home/travis/.m2/repository/p2/osgi/bundle/org.eclipse.e4.ui.model.workbench/1.0.1.v20131118-1956/org.eclipse.e4.ui.model.workbench-1.0.1.v20131118-1956.jar,reference:file:/home/travis/.m2/repository/p2/osgi/bundle/org.eclipse.e4.ui.services/1.0.1.v20131118-1940/org.eclipse.e4.ui.services-1.0.1.v20131118-1940.jar,reference:file:/home/travis/.m2/repository/p2/osgi/bundle/org.eclipse.e4.ui.workbench.renderers.swt/0.11.2.v20140205-1834/org.eclipse.e4.ui.workbench.renderers.swt-0.11.2.v20140205-1834.jar,reference:file:/home/travis/.m2/repository/p2/osgi/bundle/org.eclipse.e4.ui.workbench/1.0.2.v20131202-1739/org.eclipse.e4.ui.workbench-1.0.2.v20131202-1739.jar,reference:file:/home/travis/build/eli-jordan/code2code/code2code.ui.tests/target/work/plugins/org.eclipse.equinox.launcher.gtk.linux.x86_1.1.200.v20140116-2212,reference:file:/home/travis/.m2/repository/p2/osgi/bundle/org.eclipse.swt/3.102.1.v20140206-1334/org.eclipse.swt-3.102.1.v20140206-1334.jar,reference:file:/home/travis/.m2/repository/p2/osgi/bundle/org.eclipse.swt.gtk.linux.x86/3.102.1.v20140206-1358/org.eclipse.swt.gtk.linux.x86-3.102.1.v20140206-1358.jar,reference:file:/home/travis/.m2/repository/p2/osgi/bundle/org.eclipse.e4.ui.workbench.addons.swt/1.0.2.v20131129-1621/org.eclipse.e4.ui.workbench.addons.swt-1.0.2.v20131129-1621.jar,reference:file:/home/travis/.m2/repository/p2/osgi/bundle/org.eclipse.emf.ecore/2.9.2.v20131212-0545/org.eclipse.emf.ecore-2.9.2.v20131212-0545.jar,reference:file:/home/travis/.m2/repository/p2/osgi/bundle/org.eclipse.emf.ecore.change/2.9.0.v20131212-0545/org.eclipse.emf.ecore.change-2.9.0.v20131212-0545.jar,reference:file:/home/travis/.m2/repository/p2/osgi/bundle/org.eclipse.emf.ecore.xmi/2.9.1.v20131212-0545/org.eclipse.emf.ecore.xmi-2.9.1.v20131212-0545.jar,reference:file:/home/travis/.m2/repository/p2/osgi/bundle/org.eclipse.ecf/3.2.0.v20130604-1622/org.eclipse.ecf-3.2.0.v20130604-1622.jar,reference:file:/home/travis/.m2/repository/p2/osgi/bundle/org.eclipse.ecf.identity/3.2.0.v20130604-1622/org.eclipse.ecf.identity-3.2.0.v20130604-1622.jar,reference:file:/home/travis/.m2/repository/p2/osgi/bundle/org.eclipse.equinox.concurrent/1.1.0.v20130327-1442/org.eclipse.equinox.concurrent-1.1.0.v20130327-1442.jar,reference:file:/home/travis/.m2/repository/p2/osgi/bundle/org.eclipse.ecf.filetransfer/5.0.0.v20130604-1622/org.eclipse.ecf.filetransfer-5.0.0.v20130604-1622.jar,reference:file:/home/travis/.m2/repository/p2/osgi/bundle/org.eclipse.ecf.provider.filetransfer/3.2.0.v20130604-1622/org.eclipse.ecf.provider.filetransfer-3.2.0.v20130604-1622.jar,reference:file:/home/travis/.m2/repository/p2/osgi/bundle/org.eclipse.ecf.provider.filetransfer.httpclient4/1.0.300.v20130604-1622/org.eclipse.ecf.provider.filetransfer.httpclient4-1.0.300.v20130604-1622.jar,reference:file:/home/travis/.m2/repository/p2/osgi/bundle/org.eclipse.ecf.provider.filetransfer.httpclient4.ssl/1.0.0.v20130604-1622/org.eclipse.ecf.provider.filetransfer.httpclient4.ssl-1.0.0.v20130604-1622.jar,reference:file:/home/travis/.m2/repository/p2/osgi/bundle/org.eclipse.ecf.provider.filetransfer.ssl/1.0.0.v20130604-1622/org.eclipse.ecf.provider.filetransfer.ssl-1.0.0.v20130604-1622.jar,reference:file:/home/travis/.m2/repository/p2/osgi/bundle/org.eclipse.ecf.ssl/1.1.0.v20130604-1622/org.eclipse.ecf.ssl-1.1.0.v20130604-1622.jar,reference:file:/home/travis/.m2/repository/p2/osgi/bundle/org.eclipse.emf.common/2.9.2.v20131212-0545/org.eclipse.emf.common-2.9.2.v20131212-0545.jar,reference:file:/home/travis/.m2/repository/p2/osgi/bundle/org.eclipse.equinox.frameworkadmin/2.0.100.v20130327-2119/org.eclipse.equinox.frameworkadmin-2.0.100.v20130327-2119.jar,reference:file:/home/travis/.m2/repository/p2/osgi/bundle/org.eclipse.equinox.frameworkadmin.equinox/1.0.500.v20130327-2119/org.eclipse.equinox.frameworkadmin.equinox-1.0.500.v20130327-2119.jar,reference:file:/home/travis/.m2/repository/p2/osgi/bundle/org.eclipse.equinox.http.jetty/3.0.100.v20130327-1442/org.eclipse.equinox.http.jetty-3.0.100.v20130327-1442.jar,reference:file:/home/travis/.m2/repository/p2/osgi/bundle/org.eclipse.equinox.http.servlet/1.1.400.v20130418-1354/org.eclipse.equinox.http.servlet-1.1.400.v20130418-1354.jar,reference:file:/home/travis/.m2/repository/p2/osgi/bundle/org.eclipse.jetty.http/8.1.14.v20131031/org.eclipse.jetty.http-8.1.14.v20131031.jar,reference:file:/home/travis/.m2/repository/p2/osgi/bundle/org.eclipse.jetty.io/8.1.14.v20131031/org.eclipse.jetty.io-8.1.14.v20131031.jar,reference:file:/home/travis/.m2/repository/p2/osgi/bundle/org.eclipse.jetty.server/8.1.14.v20131031/org.eclipse.jetty.server-8.1.14.v20131031.jar,reference:file:/home/travis/.m2/repository/p2/osgi/bundle/org.eclipse.jetty.servlet/8.1.14.v20131031/org.eclipse.jetty.servlet-8.1.14.v20131031.jar,reference:file:/home/travis/.m2/repository/p2/osgi/bundle/org.eclipse.jetty.util/8.1.14.v20131031/org.eclipse.jetty.util-8.1.14.v20131031.jar,reference:file:/home/travis/.m2/repository/p2/osgi/bundle/org.eclipse.equinox.http.registry/1.1.300.v20130402-1529/org.eclipse.equinox.http.registry-1.1.300.v20130402-1529.jar,reference:file:/home/travis/.m2/repository/p2/osgi/bundle/org.eclipse.equinox.jsp.jasper/1.0.400.v20130327-1442/org.eclipse.equinox.jsp.jasper-1.0.400.v20130327-1442.jar,reference:file:/home/travis/.m2/repository/p2/osgi/bundle/org.eclipse.equinox.jsp.jasper.registry/1.0.300.v20130327-1442/org.eclipse.equinox.jsp.jasper.registry-1.0.300.v20130327-1442.jar,reference:file:/home/travis/.m2/repository/p2/osgi/bundle/org.eclipse.equinox.p2.artifact.repository/1.1.200.v20130515-2028/org.eclipse.equinox.p2.artifact.repository-1.1.200.v20130515-2028.jar,reference:file:/home/travis/.m2/repository/p2/osgi/bundle/org.eclipse.equinox.p2.metadata/2.2.0.v20130523-1557/org.eclipse.equinox.p2.metadata-2.2.0.v20130523-1557.jar,reference:file:/home/travis/.m2/repository/p2/osgi/bundle/org.eclipse.equinox.p2.core/2.3.0.v20130327-2119/org.eclipse.equinox.p2.core-2.3.0.v20130327-2119.jar,reference:file:/home/travis/.m2/repository/p2/osgi/bundle/org.eclipse.equinox.p2.jarprocessor/1.0.300.v20130327-2119/org.eclipse.equinox.p2.jarprocessor-1.0.300.v20130327-2119.jar,reference:file:/home/travis/.m2/repository/p2/osgi/bundle/org.eclipse.equinox.p2.repository/2.3.0.v20130412-2032/org.eclipse.equinox.p2.repository-2.3.0.v20130412-2032.jar,reference:file:/home/travis/.m2/repository/p2/osgi/bundle/org.eclipse.equinox.p2.console/1.0.300.v20130327-2119/org.eclipse.equinox.p2.console-1.0.300.v20130327-2119.jar,reference:file:/home/travis/.m2/repository/p2/osgi/bundle/org.eclipse.equinox.p2.director/2.3.1.v20140221-1852/org.eclipse.equinox.p2.director-2.3.1.v20140221-1852.jar,reference:file:/home/travis/.m2/repository/p2/osgi/bundle/org.eclipse.equinox.p2.engine/2.3.0.v20130526-2122/org.eclipse.equinox.p2.engine-2.3.0.v20130526-2122.jar,reference:file:/home/travis/.m2/repository/p2/osgi/bundle/org.eclipse.equinox.p2.garbagecollector/1.0.200.v20130327-2119/org.eclipse.equinox.p2.garbagecollector-1.0.200.v20130327-2119.jar,reference:file:/home/travis/.m2/repository/p2/osgi/bundle/org.eclipse.equinox.p2.metadata.repository/1.2.100.v20130327-2119/org.eclipse.equinox.p2.metadata.repository-1.2.100.v20130327-2119.jar,reference:file:/home/travis/.m2/repository/p2/osgi/bundle/org.eclipse.equinox.p2.touchpoint.eclipse/2.1.200.v20130327-2119/org.eclipse.equinox.p2.touchpoint.eclipse-2.1.200.v20130327-2119.jar,reference:file:/home/travis/.m2/repository/p2/osgi/bundle/org.eclipse.equinox.p2.touchpoint.natives/1.1.100.v20130327-2119/org.eclipse.equinox.p2.touchpoint.natives-1.1.100.v20130327-2119.jar,reference:file:/home/travis/.m2/repository/p2/osgi/bundle/org.eclipse.equinox.simpleconfigurator.manipulator/2.0.0.v20130327-2119/org.eclipse.equinox.simpleconfigurator.manipulator-2.0.0.v20130327-2119.jar,reference:file:/home/travis/.m2/repository/p2/osgi/bundle/org.eclipse.equinox.p2.ql/2.0.100.v20130327-2119/org.eclipse.equinox.p2.ql-2.0.100.v20130327-2119.jar,reference:file:/home/travis/.m2/repository/p2/osgi/bundle/org.eclipse.equinox.p2.transport.ecf/1.1.0.v20130516-1858/org.eclipse.equinox.p2.transport.ecf-1.1.0.v20130516-1858.jar,reference:file:/home/travis/.m2/repository/p2/osgi/bundle/org.sat4j.core/2.3.5.v201308161310/org.sat4j.core-2.3.5.v201308161310.jar,reference:file:/home/travis/.m2/repository/p2/osgi/bundle/org.sat4j.pb/2.3.5.v201308161310/org.sat4j.pb-2.3.5.v201308161310.jar,reference:file:/home/travis/.m2/repository/p2/osgi/bundle/org.eclipse.equinox.p2.operations/2.3.0.v20130711-1809/org.eclipse.equinox.p2.operations-2.3.0.v20130711-1809.jar,reference:file:/home/travis/.m2/repository/p2/osgi/bundle/org.eclipse.equinox.p2.director.app/1.0.300.v20130819-1621/org.eclipse.equinox.p2.director.app-1.0.300.v20130819-1621.jar,reference:file:/home/travis/.m2/repository/p2/osgi/bundle/org.eclipse.equinox.p2.directorywatcher/1.0.300.v20130327-2119/org.eclipse.equinox.p2.directorywatcher-1.0.300.v20130327-2119.jar,reference:file:/home/travis/.m2/repository/p2/osgi/bundle/org.eclipse.equinox.p2.publisher/1.3.0.v20140129-1405/org.eclipse.equinox.p2.publisher-1.3.0.v20140129-1405.jar,reference:file:/home/travis/.m2/repository/p2/osgi/bundle/org.eclipse.equinox.p2.publisher.eclipse/1.1.200.v20130516-1953/org.eclipse.equinox.p2.publisher.eclipse-1.1.200.v20130516-1953.jar,reference:file:/home/travis/.m2/repository/p2/osgi/bundle/org.eclipse.equinox.p2.extensionlocation/1.2.100.v20130327-2119/org.eclipse.equinox.p2.extensionlocation-1.2.100.v20130327-2119.jar,reference:file:/home/travis/.m2/repository/p2/osgi/bundle/org.eclipse.equinox.p2.reconciler.dropins/1.1.200.v20130419-1850/org.eclipse.equinox.p2.reconciler.dropins-1.1.200.v20130419-1850.jar,reference:file:/home/travis/.m2/repository/p2/osgi/bundle/org.eclipse.equinox.p2.repository.tools/2.1.0.v20130327-2119/org.eclipse.equinox.p2.repository.tools-2.1.0.v20130327-2119.jar,reference:file:/home/travis/.m2/repository/p2/osgi/bundle/org.eclipse.equinox.p2.updatechecker/1.1.200.v20130327-2119/org.eclipse.equinox.p2.updatechecker-1.1.200.v20130327-2119.jar,reference:file:/home/travis/.m2/repository/p2/osgi/bundle/org.eclipse.equinox.security.ui/1.1.100.v20130327-1442/org.eclipse.equinox.security.ui-1.1.100.v20130327-1442.jar,reference:file:/home/travis/.m2/repository/p2/osgi/bundle/org.eclipse.equinox.p2.ui.sdk/1.0.300.v20130503-1750/org.eclipse.equinox.p2.ui.sdk-1.0.300.v20130503-1750.jar,reference:file:/home/travis/.m2/repository/p2/osgi/bundle/org.eclipse.equinox.p2.ui/2.3.0.v20131209-2052/org.eclipse.equinox.p2.ui-2.3.0.v20131209-2052.jar,reference:file:/home/travis/.m2/repository/p2/osgi/bundle/org.eclipse.equinox.p2.ui.sdk.scheduler/1.2.0.v20140122-1840/org.eclipse.equinox.p2.ui.sdk.scheduler-1.2.0.v20140122-1840.jar,reference:file:/home/travis/.m2/repository/p2/osgi/bundle/org.eclipse.equinox.p2.ui.importexport/1.1.0.v20131209-2052/org.eclipse.equinox.p2.ui.importexport-1.1.0.v20131209-2052.jar,reference:file:/home/travis/.m2/repository/p2/osgi/bundle/org.eclipse.equinox.p2.updatesite/1.0.400.v20130515-2028/org.eclipse.equinox.p2.updatesite-1.0.400.v20130515-2028.jar,reference:file:/home/travis/.m2/repository/p2/osgi/bundle/org.eclipse.help.base/4.0.1.v20140221-1700/org.eclipse.help.base-4.0.1.v20140221-1700.jar,reference:file:/home/travis/.m2/repository/p2/osgi/bundle/org.eclipse.help.webapp/3.6.200.v20130514-1258/org.eclipse.help.webapp-3.6.200.v20130514-1258.jar,reference:file:/home/travis/.m2/repository/p2/osgi/bundle/org.eclipse.help.ui/4.0.1.v20130708-1201/org.eclipse.help.ui-4.0.1.v20130708-1201.jar,reference:file:/home/travis/.m2/repository/p2/osgi/bundle/org.eclipse.jetty.continuation/8.1.14.v20131031/org.eclipse.jetty.continuation-8.1.14.v20131031.jar,reference:file:/home/travis/.m2/repository/p2/osgi/bundle/org.eclipse.jetty.security/8.1.14.v20131031/org.eclipse.jetty.security-8.1.14.v20131031.jar,reference:file:/home/travis/build/eli-jordan/code2code/code2code.ui.tests/target/work/plugins/org.eclipse.jdt.debug_3.8.0.v20130514-0841,reference:file:/home/travis/.m2/repository/p2/osgi/bundle/org.eclipse.jdt.junit.runtime/3.4.400.v20130514-0733/org.eclipse.jdt.junit.runtime-3.4.400.v20130514-0733.jar,reference:file:/home/travis/.m2/repository/p2/osgi/bundle/org.eclipse.jsch.core/1.1.402.v20131127-1657/org.eclipse.jsch.core-1.1.402.v20131127-1657.jar,reference:file:/home/travis/.m2/repository/p2/osgi/bundle/org.eclipse.jsch.ui/1.1.402.v20131127-1657/org.eclipse.jsch.ui-1.1.402.v20131127-1657.jar,reference:file:/home/travis/.m2/repository/p2/osgi/bundle/org.eclipse.ltk.core.refactoring/3.6.100.v20130605-1748/org.eclipse.ltk.core.refactoring-3.6.100.v20130605-1748.jar,reference:file:/home/travis/.m2/repository/p2/osgi/bundle/org.eclipse.ltk.ui.refactoring/3.7.100.v20130605-1748/org.eclipse.ltk.ui.refactoring-3.7.100.v20130605-1748.jar,reference:file:/home/travis/.m2/repository/p2/osgi/bundle/org.eclipse.ui.navigator/3.5.300.v20130517-0139/org.eclipse.ui.navigator-3.5.300.v20130517-0139.jar,reference:file:/home/travis/.m2/repository/p2/osgi/bundle/org.eclipse.team.core/3.7.0.v20130514-1224/org.eclipse.team.core-3.7.0.v20130514-1224.jar,reference:file:/home/travis/.m2/repository/p2/osgi/bundle/org.eclipse.team.ui/3.7.1.v20130729-1104/org.eclipse.team.ui-3.7.1.v20130729-1104.jar,reference:file:/home/travis/.m2/repository/p2/osgi/bundle/org.eclipse.osgi.util/3.2.300.v20130513-1956/org.eclipse.osgi.util-3.2.300.v20130513-1956.jar,reference:file:/home/travis/.m2/repository/p2/osgi/bundle/org.eclipse.ui.intro/3.4.200.v20130326-1254/org.eclipse.ui.intro-3.4.200.v20130326-1254.jar,reference:file:/home/travis/build/eli-jordan/code2code/code2code.ui.tests/target/work/plugins/org.eclipse.platform_4.3.2.v20140221-1700,reference:file:/home/travis/.m2/repository/p2/osgi/bundle/org.eclipse.platform.doc.user/4.3.1.v20140123-0938/org.eclipse.platform.doc.user-4.3.1.v20140123-0938.jar,reference:file:/home/travis/build/eli-jordan/code2code/code2code.ui.tests/target/work/plugins/org.eclipse.ui.intro.universal_3.2.600.v20130326-1254,reference:file:/home/travis/.m2/repository/p2/osgi/bundle/org.eclipse.ui.cheatsheets/3.4.200.v20130326-1254/org.eclipse.ui.cheatsheets-3.4.200.v20130326-1254.jar,reference:file:/home/travis/.m2/repository/p2/osgi/bundle/org.eclipse.ui.browser/3.4.100.v20130527-1656/org.eclipse.ui.browser-3.4.100.v20130527-1656.jar,reference:file:/home/travis/.m2/repository/p2/osgi/bundle/org.eclipse.ui.net/1.2.200.v20120807-0927/org.eclipse.ui.net-1.2.200.v20120807-0927.jar,reference:file:/home/travis/.m2/repository/p2/osgi/bundle/org.eclipse.ui.externaltools/3.2.200.v20130508-2007/org.eclipse.ui.externaltools-3.2.200.v20130508-2007.jar,reference:file:/home/travis/.m2/repository/p2/osgi/bundle/org.eclipse.ui.views.properties.tabbed/3.6.0.v20130515-1857/org.eclipse.ui.views.properties.tabbed-3.6.0.v20130515-1857.jar,reference:file:/home/travis/.m2/repository/p2/osgi/bundle/org.eclipse.search/3.9.1.v20131121-1346/org.eclipse.search-3.9.1.v20131121-1346.jar,reference:file:/home/travis/.m2/repository/p2/osgi/bundle/org.eclipse.ui.navigator.resources/3.4.501.v20131021-1545/org.eclipse.ui.navigator.resources-3.4.501.v20131021-1545.jar,reference:file:/home/travis/.m2/repository/p2/osgi/bundle/org.eclipse.ui.ide.application/1.0.401.v20131105-1007/org.eclipse.ui.ide.application-1.0.401.v20131105-1007.jar,reference:file:/home/travis/.m2/repository/p2/osgi/bundle/org.eclipse.ui.workbench/3.105.2.v20140211-1711/org.eclipse.ui.workbench-3.105.2.v20140211-1711.jar,reference:file:/home/travis/.m2/repository/p2/osgi/bundle/org.eclipse.rcp/4.3.0.v20140221-1700/org.eclipse.rcp-4.3.0.v20140221-1700.jar,reference:file:/home/travis/.m2/repository/p2/osgi/bundle/org.hamcrest.core/1.3.0.v201303031735/org.hamcrest.core-1.3.0.v201303031735.jar,reference:file:/home/travis/.m2/repository/p2/osgi/bundle/org.eclipse.core.filesystem.linux.x86_64/1.2.100.v20130430-1334/org.eclipse.core.filesystem.linux.x86_64-1.2.100.v20130430-1334.jar,reference:file:/home/travis/.m2/repository/p2/osgi/bundle/org.eclipse.core.net.linux.x86_64/1.1.100.v20130430-1352/org.eclipse.core.net.linux.x86_64-1.1.100.v20130430-1352.jar,reference:file:/home/travis/build/eli-jordan/code2code/code2code.ui.tests/target/work/plugins/org.eclipse.equinox.launcher.gtk.linux.x86_64_1.1.200.v20140116-2212,reference:file:/home/travis/.m2/repository/p2/osgi/bundle/org.eclipse.swt.gtk.linux.x86_64/3.102.1.v20140206-1358/org.eclipse.swt.gtk.linux.x86_64-3.102.1.v20140206-1358.jar,reference:file:/home/travis/.m2/repository/p2/osgi/bundle/org.eclipse.compare.win32/1.0.200.v20130514-1224/org.eclipse.compare.win32-1.0.200.v20130514-1224.jar,reference:file:/home/travis/.m2/repository/p2/osgi/bundle/org.eclipse.swt.win32.win32.x86/3.102.1.v20140206-1358/org.eclipse.swt.win32.win32.x86-3.102.1.v20140206-1358.jar,reference:file:/home/travis/.m2/repository/p2/osgi/bundle/org.eclipse.core.filesystem.win32.x86/1.4.0.v20121112-0948/org.eclipse.core.filesystem.win32.x86-1.4.0.v20121112-0948.jar,reference:file:/home/travis/.m2/repository/p2/osgi/bundle/org.eclipse.core.net.win32.x86/1.0.100.v20100505-1614/org.eclipse.core.net.win32.x86-1.0.100.v20100505-1614.jar,reference:file:/home/travis/.m2/repository/p2/osgi/bundle/org.eclipse.core.resources.win32.x86/3.5.100.v20100505-1741/org.eclipse.core.resources.win32.x86-3.5.100.v20100505-1741.jar,reference:file:/home/travis/build/eli-jordan/code2code/code2code.ui.tests/target/work/plugins/org.eclipse.equinox.launcher.win32.win32.x86_1.1.200.v20140116-2212,reference:file:/home/travis/.m2/repository/p2/osgi/bundle/org.eclipse.equinox.security.win32.x86/1.0.300.v20130327-1442/org.eclipse.equinox.security.win32.x86-1.0.300.v20130327-1442.jar,reference:file:/home/travis/.m2/repository/p2/osgi/bundle/org.eclipse.ui.win32/3.2.400.v20130516-1056/org.eclipse.ui.win32-3.2.400.v20130516-1056.jar,reference:file:/home/travis/.m2/repository/p2/osgi/bundle/org.eclipse.swt.win32.win32.x86_64/3.102.1.v20140206-1358/org.eclipse.swt.win32.win32.x86_64-3.102.1.v20140206-1358.jar,reference:file:/home/travis/.m2/repository/p2/osgi/bundle/org.eclipse.core.filesystem.win32.x86_64/1.4.0.v20121112-1357/org.eclipse.core.filesystem.win32.x86_64-1.4.0.v20121112-1357.jar,reference:file:/home/travis/.m2/repository/p2/osgi/bundle/org.eclipse.core.net.win32.x86_64/1.0.100.v20100505-1614/org.eclipse.core.net.win32.x86_64-1.0.100.v20100505-1614.jar,reference:file:/home/travis/.m2/repository/p2/osgi/bundle/org.eclipse.core.resources.win32.x86_64/3.5.0.v20121203-0906/org.eclipse.core.resources.win32.x86_64-3.5.0.v20121203-0906.jar,reference:file:/home/travis/build/eli-jordan/code2code/code2code.ui.tests/target/work/plugins/org.eclipse.equinox.launcher.win32.win32.x86_64_1.1.200.v20140116-2212,reference:file:/home/travis/.m2/repository/p2/osgi/bundle/org.eclipse.equinox.security.win32.x86_64/1.0.100.v20130327-1442/org.eclipse.equinox.security.win32.x86_64-1.0.100.v20130327-1442.jar,reference:file:/home/travis/.m2/repository/p2/osgi/bundle/org.eclipse.core.filesystem.macosx/1.3.0.v20100505-2103/org.eclipse.core.filesystem.macosx-1.3.0.v20100505-2103.jar,reference:file:/home/travis/.m2/repository/p2/osgi/bundle/org.eclipse.e4.ui.workbench.renderers.swt.cocoa/0.11.100.v20130516-1100/org.eclipse.e4.ui.workbench.renderers.swt.cocoa-0.11.100.v20130516-1100.jar,reference:file:/home/travis/build/eli-jordan/code2code/code2code.ui.tests/target/work/plugins/org.eclipse.equinox.launcher.cocoa.macosx.x86_64_1.1.200.v20140116-2212,reference:file:/home/travis/.m2/repository/p2/osgi/bundle/org.eclipse.swt.cocoa.macosx.x86_64/3.102.1.v20140206-1358/org.eclipse.swt.cocoa.macosx.x86_64-3.102.1.v20140206-1358.jar,reference:file:/home/travis/.m2/repository/p2/osgi/bundle/org.eclipse.equinox.security.macosx/1.100.200.v20130327-1442/org.eclipse.equinox.security.macosx-1.100.200.v20130327-1442.jar,reference:file:/home/travis/.m2/repository/org/eclipse/tycho/org.eclipse.tycho.surefire.osgibooter/0.22.0/org.eclipse.tycho.surefire.osgibooter-0.22.0.jar,reference:file:/home/travis/.m2/repository/org/eclipse/tycho/org.eclipse.tycho.surefire.junit4/0.22.0/org.eclipse.tycho.surefire.junit4-0.22.0.jar"/>
    <property name="java.endorsed.dirs" value="/usr/lib/jvm/java-7-oracle/jre/lib/endorsed"/>
    <property name="osgi.tracefile" value="/home/travis/build/eli-jordan/code2code/code2code.ui.tests/target/work/data/.metadata/trace.log"/>
    <property name="sun.cpu.isalist" value=""/>
    <property name="sun.jnu.encoding" value="UTF-8"/>
    <property name="eclipse.application" value="org.eclipse.tycho.surefire.osgibooter.uitest"/>
    <property name="file.encoding.pkg" value="sun.io"/>
    <property name="org.osgi.framework.vendor" value="Eclipse"/>
    <property name="file.separator" value="/"/>
    <property name="java.specification.name" value="Java Platform API Specification"/>
    <property name="osgi.checkConfiguration" value="true"/>
    <property name="java.class.version" value="51.0"/>
    <property name="user.country" value="US"/>
    <property name="osgi.configuration.cascaded" value="false"/>
    <property name="java.home" value="/usr/lib/jvm/java-7-oracle/jre"/>
    <property name="osgi.os" value="linux"/>
    <property name="eclipse.commands" value="-data&#10;/home/travis/build/eli-jordan/code2code/code2code.ui.tests/target/work/data&#10;-install&#10;/home/travis/build/eli-jordan/code2code/code2code.ui.tests/target/work&#10;-configuration&#10;/home/travis/build/eli-jordan/code2code/code2code.ui.tests/target/work/configuration&#10;-application&#10;org.eclipse.tycho.surefire.osgibooter.uitest&#10;-testproperties&#10;/home/travis/build/eli-jordan/code2code/code2code.ui.tests/target/surefire.properties&#10;-testApplication&#10;org.eclipse.ui.ide.workbench&#10;-product&#10;org.eclipse.sdk.ide&#10;-nouithread&#10;"/>
    <property name="java.vm.info" value="mixed mode"/>
    <property name="os.version" value="3.13.0-40-generic"/>
    <property name="osgi.arch" value="x86_64"/>
    <property name="sun.font.fontmanager" value="sun.awt.X11FontManager"/>
    <property name="path.separator" value=":"/>
    <property name="java.vm.version" value="24.76-b04"/>
    <property name="org.osgi.supports.framework.fragment" value="true"/>
    <property name="osgi.framework.shape" value="jar"/>
    <property name="sun.awt.enableExtraMouseButtons" value="true"/>
    <property name="java.awt.printerjob" value="sun.print.PSPrinterJob"/>
    <property name="sun.io.unicode.encoding" value="UnicodeLittle"/>
    <property name="org.osgi.framework.version" value="1.7.0"/>
    <property name="awt.toolkit" value="sun.awt.X11.XToolkit"/>
    <property name="osgi.dev" value="file:/home/travis/build/eli-jordan/code2code/code2code.ui.tests/target/work/dev.properties"/>
    <property name="osgi.install.area" value="file:/home/travis/build/eli-jordan/code2code/code2code.ui.tests/target/work/"/>
    <property name="osgi.framework" value="file:/home/travis/.m2/repository/p2/osgi/bundle/org.eclipse.osgi/3.9.1.v20140110-1610/org.eclipse.osgi-3.9.1.v20140110-1610.jar"/>
    <property name="user.home" value="/home/travis"/>
    <property name="osgi.bundlestore" value="/home/travis/build/eli-jordan/code2code/code2code.ui.tests/target/work/configuration/org.eclipse.osgi/bundles"/>
    <property name="java.specification.vendor" value="Oracle Corporation"/>
    <property name="osgi.nl" value="en_US"/>
    <property name="java.library.path" value="/usr/java/packages/lib/amd64:/usr/lib64:/lib64:/lib:/usr/lib"/>
    <property name="java.vendor.url" value="http://java.oracle.com/"/>
    <property name="osgi.bundlefile.limit" value="100"/>
    <property name="eclipse.startTime" value="1442227180031"/>
    <property name="org.osgi.framework.os.version" value="3.13.0"/>
    <property name="java.vm.vendor" value="Oracle Corporation"/>
    <property name="java.runtime.name" value="Java(TM) SE Runtime Environment"/>
    <property name="java.class.path" value="/home/travis/.m2/repository/p2/osgi/bundle/org.eclipse.equinox.launcher/1.3.0.v20130327-1440/org.eclipse.equinox.launcher-1.3.0.v20130327-1440.jar"/>
    <property name="sun.java.command" value="/home/travis/.m2/repository/p2/osgi/bundle/org.eclipse.equinox.launcher/1.3.0.v20130327-1440/org.eclipse.equinox.launcher-1.3.0.v20130327-1440.jar -data /home/travis/build/eli-jordan/code2code/code2code.ui.tests/target/work/data -install /home/travis/build/eli-jordan/code2code/code2code.ui.tests/target/work -configuration /home/travis/build/eli-jordan/code2code/code2code.ui.tests/target/work/configuration -application org.eclipse.tycho.surefire.osgibooter.uitest -testproperties /home/travis/build/eli-jordan/code2code/code2code.ui.tests/target/surefire.properties -testApplication org.eclipse.ui.ide.workbench -product org.eclipse.sdk.ide -nouithread"/>
    <property name="java.vm.specification.name" value="Java Virtual Machine Specification"/>
    <property name="java.vm.specification.version" value="1.7"/>
    <property name="sun.os.patch.level" value="unknown"/>
    <property name="sun.cpu.endian" value="little"/>
    <property name="gosh.args" value="--nointeractive"/>
    <property name="java.io.tmpdir" value="/tmp"/>
    <property name="java.vendor.url.bug" value="http://bugreport.sun.com/bugreport/"/>
    <property name="applicationXMI" value="org.eclipse.ui.workbench/LegacyIDE.e4xmi"/>
    <property name="eclipse.product" value="org.eclipse.sdk.ide"/>
    <property name="eclipse.home.location" value="file:/home/travis/build/eli-jordan/code2code/code2code.ui.tests/target/work/"/>
    <property name="java.awt.graphicsenv" value="sun.awt.X11GraphicsEnvironment"/>
    <property name="os.arch" value="amd64"/>
    <property name="java.ext.dirs" value="/usr/lib/jvm/java-7-oracle/jre/lib/ext:/usr/java/packages/lib/ext"/>
    <property name="user.dir" value="/home/travis/build/eli-jordan/code2code/code2code.ui.tests"/>
    <property name="org.osgi.supports.framework.requirebundle" value="true"/>
    <property name="osgi.clean" value="true"/>
    <property name="line.separator" value="&#10;"/>
    <property name="java.vm.name" value="Java HotSpot(TM) 64-Bit Server VM"/>
    <property name="file.encoding" value="UTF-8"/>
    <property name="osgi.framework.version" value="3.9.1.v20140110-1610"/>
    <property name="java.specification.version" value="1.7"/>
    <property name="org.osgi.framework.executionenvironment" value="OSGi/Minimum-1.0,OSGi/Minimum-1.1,OSGi/Minimum-1.2,JRE-1.1,J2SE-1.2,J2SE-1.3,J2SE-1.4,J2SE-1.5,JavaSE-1.6,JavaSE-1.7"/>
    <property name="osgi.configuration.area" value="file:/home/travis/build/eli-jordan/code2code/code2code.ui.tests/target/work/configuration/"/>
    <property name="osgi.logfile" value="/home/travis/build/eli-jordan/code2code/code2code.ui.tests/target/work/data/.metadata/.log"/>
  </properties>
  <testcase name="testScenario" classname="stories.creatinggenerators.CreateGenerators" time="2.48"/>
  <testcase name="testScenario" classname="stories.creatinggenerators.SetParamsForGenerators" time="1.021"/>
  <testcase name="testScenario" classname="stories.usingthegenerator.ChooseFilesThatWillBeGenerated" time="0.293"/>
  <testcase name="testScenario" classname="stories.creatinggenerators.UseTemplateEngines" time="1.807"/>
  <testcase name="testScenario" classname="stories.usingthegenerator.SetParamsForGeneration" time="0.622"/>
  <testcase name="testScenario" classname="stories.usingthegenerator.SetTemplatesDestinations" time="0.315"/>
  <testcase name="testScenario" classname="stories.creatinggenerators.SetDescriptionToGenerators" time="0.231"/>
  <testcase name="testScenario" classname="stories.usingthegenerator.PreviewTheOutput" time="0.604"/>
  <testcase name="testScenario" classname="stories.usingthegenerator.UseGlobalParams" time="0.22"/>
  <testcase name="testScenario" classname="stories.usingthegenerator.ParamsReferencingOtherParams" time="0.219"/>
  <testcase name="testScenario" classname="stories.creatinggenerators.SetTemplatesToBeGenerated" time="0.186"/>
  <testcase name="testScenario" classname="stories.creatinggenerators.CreateCompositeGenerators" time="0.257"/>
  <testcase name="testScenario" classname="stories.usingthegenerator.GenerateFiles" time="0.191"/>
  <testcase name="testScenario" classname="stories.creatinggenerators.SetTemplateEngineForTemplateFiles" time="0.251"/>
  <testcase name="testScenario" classname="stories.creatinggenerators.SetTemplateEngineForTheTemplatesConfigFile" time="0.188"/>
</testsuite>